c:\users\wanti\documents\github\sp2\dm2122 prac\debug\vc142.pdb
c:\users\wanti\documents\github\sp2\dm2122 prac\debug\vc142.idb
c:\users\wanti\documents\github\sp2\dm2122 prac\debug\utility.obj
c:\users\wanti\documents\github\sp2\dm2122 prac\debug\scenetext.obj
c:\users\wanti\documents\github\sp2\dm2122 prac\debug\object.obj
c:\users\wanti\documents\github\sp2\dm2122 prac\debug\cirobject.obj
c:\users\wanti\documents\github\sp2\dm2122 prac\debug\camera.obj
c:\users\wanti\documents\github\sp2\dm2122 prac\debug\application.obj
c:\users\wanti\documents\github\sp2\dm2122 prac\debug\rectobject.obj
c:\users\wanti\documents\github\sp2\dm2122 prac\debug\collision.obj
c:\users\wanti\documents\github\sp2\dm2122 prac\debug\cameratpp.obj
c:\users\wanti\documents\github\sp2\dm2122 prac\debug\camerafps.obj
c:\users\wanti\documents\github\sp2\dm2122 prac\debug\testdrivescene.obj
c:\users\wanti\documents\github\sp2\dm2122 prac\debug\showroomscene.obj
c:\users\wanti\documents\github\sp2\dm2122 prac\debug\sceneluckydraw.obj
c:\users\wanti\documents\github\sp2\dm2122 prac\debug\scene1.obj
c:\users\wanti\documents\github\sp2\dm2122 prac\debug\meshbuilder.obj
c:\users\wanti\documents\github\sp2\dm2122 prac\debug\mesh.obj
c:\users\wanti\documents\github\sp2\dm2122 prac\debug\mainmenu.obj
c:\users\wanti\documents\github\sp2\dm2122 prac\debug\loadtga.obj
c:\users\wanti\documents\github\sp2\dm2122 prac\debug\loadobj.obj
c:\users\wanti\documents\github\sp2\dm2122 prac\debug\gamemenu.obj
c:\users\wanti\documents\github\sp2\dm2122 prac\debug\camera2.obj
c:\users\wanti\documents\github\sp2\dm2122 prac\debug\shader.obj
c:\users\wanti\documents\github\sp2\dm2122 prac\debug\minigametwo.obj
c:\users\wanti\documents\github\sp2\dm2122 prac\debug\main.obj
c:\users\wanti\documents\github\sp2\dm2122 prac\debug\sceneracing.obj
c:\users\wanti\documents\github\sp2\dm2122 prac\debug\carentity.obj
c:\users\wanti\documents\github\sp2\dm2122 prac\debug\scenemanager.obj
c:\users\wanti\documents\github\sp2\dm2122 prac\debug\g3carentity.obj
c:\users\wanti\documents\github\sp2\debug\dm2122 prac.exe
c:\users\wanti\documents\github\sp2\debug\dm2122 prac.ilk
c:\users\wanti\documents\github\sp2\debug\dm2122 prac.pdb
c:\users\wanti\documents\github\sp2\dm2122 prac\debug\car.obj
c:\users\wanti\documents\github\sp2\dm2122 prac\debug\testdrivescene.new.obj.enc
c:\users\wanti\documents\github\sp2\dm2122 prac\debug\dm2122 prac.tlog\cl.command.1.tlog
c:\users\wanti\documents\github\sp2\dm2122 prac\debug\dm2122 prac.tlog\cl.read.1.tlog
c:\users\wanti\documents\github\sp2\dm2122 prac\debug\dm2122 prac.tlog\cl.write.1.tlog
c:\users\wanti\documents\github\sp2\dm2122 prac\debug\dm2122 prac.tlog\link.command.1.tlog
c:\users\wanti\documents\github\sp2\dm2122 prac\debug\dm2122 prac.tlog\link.read.1.tlog
c:\users\wanti\documents\github\sp2\dm2122 prac\debug\dm2122 prac.tlog\link.write.1.tlog
