  selectionMenu.cpp
C:\Users\gohbe\Documents\GitHub\SP2\DM2122 Prac\Source\selectionMenu.cpp(73,43): warning C4305: 'argument': truncation from 'double' to 'float'
C:\Users\gohbe\Documents\GitHub\SP2\DM2122 Prac\Source\selectionMenu.cpp(76,44): warning C4305: 'argument': truncation from 'double' to 'float'
C:\Users\gohbe\Documents\GitHub\SP2\DM2122 Prac\Source\selectionMenu.cpp(79,44): warning C4305: 'argument': truncation from 'double' to 'float'
C:\Users\gohbe\Documents\GitHub\SP2\DM2122 Prac\Source\selectionMenu.cpp(85,45): warning C4305: 'argument': truncation from 'double' to 'float'
C:\Users\gohbe\Documents\GitHub\SP2\DM2122 Prac\Source\selectionMenu.cpp(88,45): warning C4305: 'argument': truncation from 'double' to 'float'
C:\Users\gohbe\Documents\GitHub\SP2\DM2122 Prac\Source\selectionMenu.cpp(92,45): warning C4305: 'argument': truncation from 'double' to 'float'
C:\Users\gohbe\Documents\GitHub\SP2\DM2122 Prac\Source\selectionMenu.cpp(93,37): warning C4305: 'argument': truncation from 'double' to 'float'
C:\Users\gohbe\Documents\GitHub\SP2\DM2122 Prac\Source\selectionMenu.cpp(97,45): warning C4305: 'argument': truncation from 'double' to 'float'
C:\Users\gohbe\Documents\GitHub\SP2\DM2122 Prac\Source\selectionMenu.cpp(98,37): warning C4305: 'argument': truncation from 'double' to 'float'
C:\Users\gohbe\Documents\GitHub\SP2\DM2122 Prac\Source\selectionMenu.cpp(102,45): warning C4305: 'argument': truncation from 'double' to 'float'
C:\Users\gohbe\Documents\GitHub\SP2\DM2122 Prac\Source\selectionMenu.cpp(103,37): warning C4305: 'argument': truncation from 'double' to 'float'
C:\Users\gohbe\Documents\GitHub\SP2\DM2122 Prac\Source\selectionMenu.cpp(107,44): warning C4305: 'argument': truncation from 'double' to 'float'
C:\Users\gohbe\Documents\GitHub\SP2\DM2122 Prac\Source\selectionMenu.cpp(108,37): warning C4305: 'argument': truncation from 'double' to 'float'
C:\Users\gohbe\Documents\GitHub\SP2\DM2122 Prac\Source\selectionMenu.cpp(112,44): warning C4305: 'argument': truncation from 'double' to 'float'
C:\Users\gohbe\Documents\GitHub\SP2\DM2122 Prac\Source\selectionMenu.cpp(113,37): warning C4305: 'argument': truncation from 'double' to 'float'
C:\Users\gohbe\Documents\GitHub\SP2\DM2122 Prac\Source\selectionMenu.cpp(117,44): warning C4305: 'argument': truncation from 'double' to 'float'
C:\Users\gohbe\Documents\GitHub\SP2\DM2122 Prac\Source\selectionMenu.cpp(118,37): warning C4305: 'argument': truncation from 'double' to 'float'
C:\Users\gohbe\Documents\GitHub\SP2\DM2122 Prac\Source\selectionMenu.cpp(122,44): warning C4305: 'argument': truncation from 'double' to 'float'
C:\Users\gohbe\Documents\GitHub\SP2\DM2122 Prac\Source\selectionMenu.cpp(123,37): warning C4305: 'argument': truncation from 'double' to 'float'
C:\Users\gohbe\Documents\GitHub\SP2\DM2122 Prac\Source\selectionMenu.cpp(160,18): warning C4244: '-=': conversion from 'double' to 'float', possible loss of data
C:\Users\gohbe\Documents\GitHub\SP2\DM2122 Prac\Source\selectionMenu.cpp(164,18): warning C4244: '+=': conversion from 'double' to 'float', possible loss of data
C:\Users\gohbe\Documents\GitHub\SP2\DM2122 Prac\Source\selectionMenu.cpp(168,18): warning C4244: '+=': conversion from 'double' to 'float', possible loss of data
C:\Users\gohbe\Documents\GitHub\SP2\DM2122 Prac\Source\selectionMenu.cpp(172,18): warning C4244: '-=': conversion from 'double' to 'float', possible loss of data
C:\Users\gohbe\Documents\GitHub\SP2\DM2122 Prac\Source\selectionMenu.cpp(224,94): warning C4305: 'argument': truncation from 'double' to 'float'
C:\Users\gohbe\Documents\GitHub\SP2\DM2122 Prac\Source\selectionMenu.cpp(225,97): warning C4305: 'argument': truncation from 'double' to 'float'
C:\Users\gohbe\Documents\GitHub\SP2\DM2122 Prac\Source\selectionMenu.cpp(226,98): warning C4305: 'argument': truncation from 'double' to 'float'
C:\Users\gohbe\Documents\GitHub\SP2\DM2122 Prac\Source\selectionMenu.cpp(228,94): warning C4305: 'argument': truncation from 'double' to 'float'
C:\Users\gohbe\Documents\GitHub\SP2\DM2122 Prac\Source\selectionMenu.cpp(229,93): warning C4305: 'argument': truncation from 'double' to 'float'
C:\Users\gohbe\Documents\GitHub\SP2\DM2122 Prac\Source\selectionMenu.cpp(230,95): warning C4305: 'argument': truncation from 'double' to 'float'
C:\Users\gohbe\Documents\GitHub\SP2\DM2122 Prac\Source\selectionMenu.cpp(368,104): warning C4305: 'argument': truncation from 'double' to 'float'
C:\Users\gohbe\Documents\GitHub\SP2\DM2122 Prac\Source\selectionMenu.cpp(377,104): warning C4305: 'argument': truncation from 'double' to 'float'
C:\Users\gohbe\Documents\GitHub\SP2\DM2122 Prac\Source\selectionMenu.cpp(398,103): warning C4305: 'argument': truncation from 'double' to 'float'
C:\Users\gohbe\Documents\GitHub\SP2\DM2122 Prac\Source\selectionMenu.cpp(407,103): warning C4305: 'argument': truncation from 'double' to 'float'
  DM2122 Prac.vcxproj -> C:\Users\gohbe\Documents\GitHub\SP2\Debug\DM2122 Prac.exe
